<?xml version="1.0" encoding="UTF-8"?>
<robot generator="Robot 5.0.1 (Python 3.8.2 on win32)" generated="20220702 20:18:26.936" rpa="false" schemaversion="3">
<suite id="s1" name="Test Login Rf" source="C:\projects\mati_portfolio\test_login_rf.robot">
<test id="s1-t1" name="Login to the system" line="14">
<kw name="Open login page">
<kw name="Open Browser" library="SeleniumLibrary">
<arg>${LOGIN URL}</arg>
<arg>${BROWSER}</arg>
<doc>Opens a new browser instance to the optional ``url``.</doc>
<msg timestamp="20220702 20:18:27.127" level="INFO">Opening browser 'Chrome' to base url 'https://scouts-test.futbolkolektyw.pl/en'.</msg>
<status status="PASS" starttime="20220702 20:18:27.127" endtime="20220702 20:18:29.302"/>
</kw>
<kw name="Title Should Be" library="SeleniumLibrary">
<arg>Scouts panel - sign in</arg>
<doc>Verifies that the current page title equals ``title``.</doc>
<msg timestamp="20220702 20:18:29.306" level="INFO">Page title is 'Scouts panel - sign in'.</msg>
<status status="PASS" starttime="20220702 20:18:29.302" endtime="20220702 20:18:29.306"/>
</kw>
<status status="PASS" starttime="20220702 20:18:27.127" endtime="20220702 20:18:29.306"/>
</kw>
<kw name="Type in email">
<kw name="Wait Until Element Is Visible" library="SeleniumLibrary">
<arg>${EMAILINPUT}</arg>
<doc>Waits until the element ``locator`` is visible.</doc>
<status status="PASS" starttime="20220702 20:18:29.307" endtime="20220702 20:18:29.327"/>
</kw>
<kw name="Input Text" library="SeleniumLibrary">
<arg>${EMAILINPUT}</arg>
<arg>user07@getnada.com</arg>
<doc>Types the given ``text`` into the text field identified by ``locator``.</doc>
<msg timestamp="20220702 20:18:29.328" level="INFO">Typing text 'user07@getnada.com' into text field 'xpath=//*[@id='login']'.</msg>
<status status="PASS" starttime="20220702 20:18:29.328" endtime="20220702 20:18:29.445"/>
</kw>
<status status="PASS" starttime="20220702 20:18:29.307" endtime="20220702 20:18:29.445"/>
</kw>
<kw name="Type in password">
<kw name="Wait Until Element Is Visible" library="SeleniumLibrary">
<arg>id=password</arg>
<doc>Waits until the element ``locator`` is visible.</doc>
<status status="PASS" starttime="20220702 20:18:29.446" endtime="20220702 20:18:29.465"/>
</kw>
<kw name="Input Text" library="SeleniumLibrary">
<arg>Test-1234</arg>
<doc>Types the given ``text`` into the text field identified by ``locator``.</doc>
<msg timestamp="20220702 20:18:29.465" level="FAIL">Keyword 'SeleniumLibrary.Input Text' expected 2 to 3 arguments, got 1.</msg>
<status status="FAIL" starttime="20220702 20:18:29.465" endtime="20220702 20:18:29.465"/>
</kw>
<status status="FAIL" starttime="20220702 20:18:29.445" endtime="20220702 20:18:29.466"/>
</kw>
<kw name="Click on the Submit button">
<status status="NOT RUN" starttime="20220702 20:18:29.466" endtime="20220702 20:18:29.466"/>
</kw>
<kw name="Assert dashboard">
<status status="NOT RUN" starttime="20220702 20:18:29.466" endtime="20220702 20:18:29.466"/>
</kw>
<kw name="Close Browser" library="SeleniumLibrary" type="TEARDOWN">
<doc>Closes the current browser.</doc>
<status status="PASS" starttime="20220702 20:18:29.467" endtime="20220702 20:18:31.615"/>
</kw>
<status status="FAIL" starttime="20220702 20:18:27.126" endtime="20220702 20:18:31.615">Keyword 'SeleniumLibrary.Input Text' expected 2 to 3 arguments, got 1.</status>
</test>
<doc>Suite description #automated tests for scout website</doc>
<status status="FAIL" starttime="20220702 20:18:26.938" endtime="20220702 20:18:31.618"/>
</suite>
<statistics>
<total>
<stat pass="0" fail="1" skip="0">All Tests</stat>
</total>
<tag>
</tag>
<suite>
<stat pass="0" fail="1" skip="0" id="s1" name="Test Login Rf">Test Login Rf</stat>
</suite>
</statistics>
<errors>
</errors>
</robot>
